<?xml version="1.0" encoding="UTF-8"?>
<!-- Generated by org.testng.reporters.JUnitReportReporter -->
<testsuite hostname="LAPTOP-OSKC24QG" failures="0" tests="10" name="testcases.CarInsuranceErrorMessageTest" time="5.957" errors="0" timestamp="2021-05-06T14:55:01 IST" skipped="0">
  <testcase classname="testcases.CarInsuranceErrorMessageTest" name="clickCarInsuranceTest" time="0.983"/>
  <system-out/>
  <testcase classname="testcases.CarInsuranceErrorMessageTest" name="clickProceedButtonTest" time="0.903"/>
  <system-out/>
  <testcase classname="testcases.CarInsuranceErrorMessageTest" name="selectCityTest" time="0.489"/>
  <system-out/>
  <testcase classname="testcases.CarInsuranceErrorMessageTest" name="selectCarBrandTest" time="0.378"/>
  <system-out/>
  <testcase classname="testcases.CarInsuranceErrorMessageTest" name="selectCarModelTest" time="0.433"/>
  <system-out/>
  <testcase classname="testcases.CarInsuranceErrorMessageTest" name="chooseFuelTypeTest" time="0.590"/>
  <system-out/>
  <testcase classname="testcases.CarInsuranceErrorMessageTest" name="selectCarVariantTest" time="0.317"/>
  <system-out/>
  <testcase classname="testcases.CarInsuranceErrorMessageTest" name="selectYearTest" time="0.303"/>
  <system-out/>
  <testcase classname="testcases.CarInsuranceErrorMessageTest" name="fillDetailsTest" time="0.919"/>
  <system-out/>
  <testcase classname="testcases.CarInsuranceErrorMessageTest" name="takeScreenshotTest" time="0.642"/>
  <system-out/>
</testsuite> <!-- testcases.CarInsuranceErrorMessageTest -->
