<?xml version="1.0" encoding="UTF-8"?>
<!-- Generated by org.testng.reporters.JUnitReportReporter -->
<testsuite hostname="LAPTOP-OSKC24QG" failures="0" tests="10" name="testcases.CarInsuranceFieldValidation" time="13.091" errors="0" timestamp="2021-05-06T14:55:01 IST" skipped="0">
  <testcase classname="testcases.CarInsuranceFieldValidation" name="clickCarInsuranceTest" time="4.749"/>
  <system-out/>
  <testcase classname="testcases.CarInsuranceFieldValidation" name="clickProceedButtonTest" time="1.832"/>
  <system-out/>
  <testcase classname="testcases.CarInsuranceFieldValidation" name="selectCityTest" time="0.568"/>
  <system-out/>
  <testcase classname="testcases.CarInsuranceFieldValidation" name="selectCarBrandTest" time="1.009"/>
  <system-out/>
  <testcase classname="testcases.CarInsuranceFieldValidation" name="selectCarModelTest" time="0.480"/>
  <system-out/>
  <testcase classname="testcases.CarInsuranceFieldValidation" name="chooseFuelTypeTest" time="0.719"/>
  <system-out/>
  <testcase classname="testcases.CarInsuranceFieldValidation" name="selectCarVariantTest" time="0.524"/>
  <system-out/>
  <testcase classname="testcases.CarInsuranceFieldValidation" name="selectYearTest" time="0.941"/>
  <system-out/>
  <testcase classname="testcases.CarInsuranceFieldValidation" name="fillDetailsTest" time="1.500"/>
  <system-out/>
  <testcase classname="testcases.CarInsuranceFieldValidation" name="takeScreenshotTest" time="0.769"/>
  <system-out/>
</testsuite> <!-- testcases.CarInsuranceFieldValidation -->
